<?xml version="1.0" encoding="UTF-8"?>
<!-- Generated by org.testng.reporters.JUnitXMLReporter -->
<testsuite ignored="11" hostname="Alzetawi" failures="0" tests="3" name="Default test" time="17.473" errors="0" timestamp="2026-03-01T02:57:09 EET">
  <testcase classname="codenBoxAuto2.MyTestCases" name="addData" time="0.018"/>
  <testcase classname="codenBoxAuto2.MyTestCases" name="updateData" time="0.005"/>
  <testcase classname="codenBoxAuto2.MyTestCases" name="calender" time="8.662"/>
  <testcase classname="codenBoxAuto2.MyTestCases" name="theTabl" time="0.0">
    <ignored/>
  </testcase> <!-- theTabl -->
  <testcase classname="codenBoxAuto2.MyTestCases" name="alertAndConfirm" time="0.0">
    <ignored/>
  </testcase> <!-- alertAndConfirm -->
  <testcase classname="codenBoxAuto2.MyTestCases" name="switchWindow" time="0.0">
    <ignored/>
  </testcase> <!-- switchWindow -->
  <testcase classname="codenBoxAuto2.MyTestCases" name="radioButton" time="0.0">
    <ignored/>
  </testcase> <!-- radioButton -->
  <testcase classname="codenBoxAuto2.MyTestCases" name="takeAscreenShot" time="0.0">
    <ignored/>
  </testcase> <!-- takeAscreenShot -->
  <testcase classname="codenBoxAuto2.MyTestCases" name="selectTag" time="0.0">
    <ignored/>
  </testcase> <!-- selectTag -->
  <testcase classname="codenBoxAuto2.MyTestCases" name="switchTab" time="0.0">
    <ignored/>
  </testcase> <!-- switchTab -->
  <testcase classname="codenBoxAuto2.MyTestCases" name="checkBoxes" time="0.0">
    <ignored/>
  </testcase> <!-- checkBoxes -->
  <testcase classname="codenBoxAuto2.MyTestCases" name="mouseHover" time="0.0">
    <ignored/>
  </testcase> <!-- mouseHover -->
  <testcase classname="codenBoxAuto2.MyTestCases" name="automComplete" time="0.0">
    <ignored/>
  </testcase> <!-- automComplete -->
  <testcase classname="codenBoxAuto2.MyTestCases" name="deleteData" time="0.0">
    <ignored/>
  </testcase> <!-- deleteData -->
</testsuite> <!-- Default test -->
