<?xml version="1.0" encoding="UTF-8"?>
<testng-results ignored="11" total="14" passed="3" failed="0" skipped="0">
  <reporter-output>
  </reporter-output>
  <suite started-at="2026-03-01T02:56:52 EET" name="Default suite" finished-at="2026-03-01T02:57:09 EET" duration-ms="17473">
    <groups>
    </groups>
    <test started-at="2026-03-01T02:56:52 EET" name="Default test" finished-at="2026-03-01T02:57:09 EET" duration-ms="17473">
      <class name="codenBoxAuto2.MyTestCases">
        <test-method is-config="true" signature="runTheWebsite()[pri:0, instance:codenBoxAuto2.MyTestCases@18bc345]" started-at="2026-03-01T02:56:52 EET" name="runTheWebsite" finished-at="2026-03-01T02:57:01 EET" duration-ms="8746" status="PASS">
          <reporter-output>
          </reporter-output>
        </test-method> <!-- runTheWebsite -->
        <test-method signature="addData()[pri:1, instance:codenBoxAuto2.MyTestCases@18bc345]" started-at="2026-03-01T02:57:01 EET" name="addData" finished-at="2026-03-01T02:57:01 EET" duration-ms="18" status="PASS">
          <reporter-output>
          </reporter-output>
        </test-method> <!-- addData -->
        <test-method signature="updateData()[pri:2, instance:codenBoxAuto2.MyTestCases@18bc345]" started-at="2026-03-01T02:57:01 EET" name="updateData" finished-at="2026-03-01T02:57:01 EET" duration-ms="5" status="PASS">
          <reporter-output>
          </reporter-output>
        </test-method> <!-- updateData -->
        <test-method signature="calender()[pri:3, instance:codenBoxAuto2.MyTestCases@18bc345]" started-at="2026-03-01T02:57:01 EET" name="calender" finished-at="2026-03-01T02:57:09 EET" duration-ms="8662" status="PASS">
          <reporter-output>
          </reporter-output>
        </test-method> <!-- calender -->
      </class> <!-- codenBoxAuto2.MyTestCases -->
    </test> <!-- Default test -->
  </suite> <!-- Default suite -->
</testng-results>
