<?xml version="1.0" encoding="UTF-8"?>
<!-- Generated by org.testng.reporters.JUnitReportReporter -->
<testsuite hostname="Alzetawi" failures="0" tests="14" name="codenBoxAuto2.MyTestCases" time="8.685" errors="0" timestamp="2026-03-01T02:57:10 EET" skipped="11">
  <testcase classname="codenBoxAuto2.MyTestCases" name="addData" time="0.018"/>
  <testcase classname="codenBoxAuto2.MyTestCases" name="updateData" time="0.005"/>
  <testcase classname="codenBoxAuto2.MyTestCases" name="calender" time="8.662"/>
  <testcase classname="codenBoxAuto2.MyTestCases" name="theTabl">
    <skipped/>
  </testcase> <!-- theTabl -->
  <testcase classname="codenBoxAuto2.MyTestCases" name="alertAndConfirm">
    <skipped/>
  </testcase> <!-- alertAndConfirm -->
  <testcase classname="codenBoxAuto2.MyTestCases" name="switchWindow">
    <skipped/>
  </testcase> <!-- switchWindow -->
  <testcase classname="codenBoxAuto2.MyTestCases" name="radioButton">
    <skipped/>
  </testcase> <!-- radioButton -->
  <testcase classname="codenBoxAuto2.MyTestCases" name="takeAscreenShot">
    <skipped/>
  </testcase> <!-- takeAscreenShot -->
  <testcase classname="codenBoxAuto2.MyTestCases" name="selectTag">
    <skipped/>
  </testcase> <!-- selectTag -->
  <testcase classname="codenBoxAuto2.MyTestCases" name="switchTab">
    <skipped/>
  </testcase> <!-- switchTab -->
  <testcase classname="codenBoxAuto2.MyTestCases" name="checkBoxes">
    <skipped/>
  </testcase> <!-- checkBoxes -->
  <testcase classname="codenBoxAuto2.MyTestCases" name="mouseHover">
    <skipped/>
  </testcase> <!-- mouseHover -->
  <testcase classname="codenBoxAuto2.MyTestCases" name="automComplete">
    <skipped/>
  </testcase> <!-- automComplete -->
  <testcase classname="codenBoxAuto2.MyTestCases" name="deleteData">
    <skipped/>
  </testcase> <!-- deleteData -->
</testsuite> <!-- codenBoxAuto2.MyTestCases -->
